[Wed Sep 12 10:02:35 EDT 2018] Received Push event to branch master in repository dpduganwood/Battleship UPDATED event from 192.30.252.39 ⇒ http://84ecbf94.ngrok.io:8079/github-webhook/ with timestamp Wed Sep 12 10:02:30 EDT 2018
[8mha:////4AuNepNjSck1oFbqWbC6dh2WTTw+N1AVj17krPCtpeO0AAAAhB+LCAAAAAAAAP9b85aBtbiIwSa/KF0vKzUvOzOvODlTryCnNB3I0kvPLMkoTYpPKkrMS86IL84vLUpO1XPPLPEoTXLOzyvOz0n1yy9JZYAARiYGRi8GzpLM3NTiksTcgooiBqmM0pTi/Dy9ZIhiPayaGCoKgHTqOXG3kwDlZZm7jgAAAA==[0mConnecting to https://api.github.com using dpduganwood/******
Examining [8mha:////4FETqxhHf/IF2YBAZ0TzD2juS6oxioVTjmVT5poYKxqiAAAAqR+LCAAAAAAAAP9b85aBtbiIQSajNKU4P08vOT+vOD8nVc+jsiC1KCczL9svvyTVzHb1RttJBUeZGJg8GdhyUvPSSzJ8GJhLi3JKGIR8shLLEvVzEvPS9YNLijLz0q0rihik0IxzhtAgwxgggJGJgaGiAMgQK2HQzCgpKSi20tdPzyzJKE0C6srVTylIKU1PzCvPz0/Rd0osKclJLc7ILAAAfuQL5K4AAAA=[0mdpduganwood/Battleship

  Checking branches...

  Getting remote branch master...

    Checking branch [8mha:////4CDjOl13ZU+GeirbwXYRpLzSoSArRoHCpOAQWqUtCM8nAAAAsB+LCAAAAAAAAP9djLENwjAQRY8gMgAlYoZcBQUoDTQgRTRMYPDJDji2ZZ8hrMEa0DAE47ADQel4zX/Nf88PjGKAqU4yOlscnY3OULG5eQqmtuedY5qXj1d59+8Msi3khqxiXcEwBcMwrk7iItAIq3DPobZq2QaY/OXW/f5i0DPIAFrfSc4w08w+LhBVzToduleD0sukhL06J3ElmA1FXXvkQISNiEzhC9AuZgO6AAAA[0mmaster
      ‘Jenkinsfile’ not found
    Does not meet criteria

  1 branches were processed

  Checking pull-requests...

  Getting remote pull requests from branch master...

  0 pull requests were processed

Finished examining dpduganwood/Battleship

[Wed Sep 12 10:02:37 EDT 2018] Push event to branch master in repository dpduganwood/Battleship UPDATED event from 192.30.252.39 ⇒ http://84ecbf94.ngrok.io:8079/github-webhook/ with timestamp Wed Sep 12 10:02:30 EDT 2018 processed in 2.4 sec
[Wed Sep 12 10:03:48 EDT 2018] Received Push event to branch master in repository dpduganwood/Battleship UPDATED event from 192.30.252.37 ⇒ http://84ecbf94.ngrok.io:8079/github-webhook/ with timestamp Wed Sep 12 10:03:43 EDT 2018
[8mha:////4KVuVmwIm/oJ7qfB+TCoJ82pjCaStZdRqR5/jPbkAw8DAAAAhB+LCAAAAAAAAP9b85aBtbiIwSa/KF0vKzUvOzOvODlTryCnNB3I0kvPLMkoTYpPKkrMS86IL84vLUpO1XPPLPEoTXLOzyvOz0n1yy9JZYAARiYGRi8GzpLM3NTiksTcgooiBqmM0pTi/Dy9ZIhiPayaGCoKgHTqOYmEXgB1JKoCjgAAAA==[0mConnecting to https://api.github.com using dpduganwood/******
Examining [8mha:////4FETqxhHf/IF2YBAZ0TzD2juS6oxioVTjmVT5poYKxqiAAAAqR+LCAAAAAAAAP9b85aBtbiIQSajNKU4P08vOT+vOD8nVc+jsiC1KCczL9svvyTVzHb1RttJBUeZGJg8GdhyUvPSSzJ8GJhLi3JKGIR8shLLEvVzEvPS9YNLijLz0q0rihik0IxzhtAgwxgggJGJgaGiAMgQK2HQzCgpKSi20tdPzyzJKE0C6srVTylIKU1PzCvPz0/Rd0osKclJLc7ILAAAfuQL5K4AAAA=[0mdpduganwood/Battleship

  Checking branches...

  Getting remote branch master...

    Checking branch [8mha:////4CDjOl13ZU+GeirbwXYRpLzSoSArRoHCpOAQWqUtCM8nAAAAsB+LCAAAAAAAAP9djLENwjAQRY8gMgAlYoZcBQUoDTQgRTRMYPDJDji2ZZ8hrMEa0DAE47ADQel4zX/Nf88PjGKAqU4yOlscnY3OULG5eQqmtuedY5qXj1d59+8Msi3khqxiXcEwBcMwrk7iItAIq3DPobZq2QaY/OXW/f5i0DPIAFrfSc4w08w+LhBVzToduleD0sukhL06J3ElmA1FXXvkQISNiEzhC9AuZgO6AAAA[0mmaster
      ‘Jenkinsfile’ not found
    Does not meet criteria

  1 branches were processed

  Checking pull-requests...

  Getting remote pull requests from branch master...

  0 pull requests were processed

Finished examining dpduganwood/Battleship

[Wed Sep 12 10:03:49 EDT 2018] Push event to branch master in repository dpduganwood/Battleship UPDATED event from 192.30.252.37 ⇒ http://84ecbf94.ngrok.io:8079/github-webhook/ with timestamp Wed Sep 12 10:03:43 EDT 2018 processed in 0.96 sec
[Wed Sep 12 10:53:10 EDT 2018] Received Push event to branch master in repository dpduganwood/Battleship UPDATED event from 192.30.252.34 ⇒ http://myjenkins.serveo.net:8079/github-webhook/ with timestamp Wed Sep 12 10:53:04 EDT 2018
[8mha:////4NSK0jZXO06H51rwZZkNzIGlzY8u7j+xXFfIhtPZbGhgAAAAhB+LCAAAAAAAAP9b85aBtbiIwSa/KF0vKzUvOzOvODlTryCnNB3I0kvPLMkoTYpPKkrMS86IL84vLUpO1XPPLPEoTXLOzyvOz0n1yy9JZYAARiYGRi8GzpLM3NTiksTcgooiBqmM0pTi/Dy9ZIhiPayaGCoKgHTqOdcp9wBhvXzkjgAAAA==[0mConnecting to https://api.github.com using dpduganwood/******
Examining [8mha:////4FETqxhHf/IF2YBAZ0TzD2juS6oxioVTjmVT5poYKxqiAAAAqR+LCAAAAAAAAP9b85aBtbiIQSajNKU4P08vOT+vOD8nVc+jsiC1KCczL9svvyTVzHb1RttJBUeZGJg8GdhyUvPSSzJ8GJhLi3JKGIR8shLLEvVzEvPS9YNLijLz0q0rihik0IxzhtAgwxgggJGJgaGiAMgQK2HQzCgpKSi20tdPzyzJKE0C6srVTylIKU1PzCvPz0/Rd0osKclJLc7ILAAAfuQL5K4AAAA=[0mdpduganwood/Battleship

  Checking branches...

  Getting remote branch master...

    Checking branch [8mha:////4CDjOl13ZU+GeirbwXYRpLzSoSArRoHCpOAQWqUtCM8nAAAAsB+LCAAAAAAAAP9djLENwjAQRY8gMgAlYoZcBQUoDTQgRTRMYPDJDji2ZZ8hrMEa0DAE47ADQel4zX/Nf88PjGKAqU4yOlscnY3OULG5eQqmtuedY5qXj1d59+8Msi3khqxiXcEwBcMwrk7iItAIq3DPobZq2QaY/OXW/f5i0DPIAFrfSc4w08w+LhBVzToduleD0sukhL06J3ElmA1FXXvkQISNiEzhC9AuZgO6AAAA[0mmaster
      ‘Jenkinsfile’ not found
    Does not meet criteria

  1 branches were processed

  Checking pull-requests...

  Getting remote pull requests from branch master...

  0 pull requests were processed

Finished examining dpduganwood/Battleship

[Wed Sep 12 10:53:11 EDT 2018] Push event to branch master in repository dpduganwood/Battleship UPDATED event from 192.30.252.34 ⇒ http://myjenkins.serveo.net:8079/github-webhook/ with timestamp Wed Sep 12 10:53:04 EDT 2018 processed in 1.6 sec
