Started on Sep 12, 2018 10:03:43 AM
Started by event from 192.30.252.37 ⇒ http://84ecbf94.ngrok.io:8079/github-webhook/ on Wed Sep 12 10:03:43 EDT 2018
Polling SCM changes on master
Using strategy: Default
[poll] Last Built Revision: Revision a16d6ea910288ad06070f7839440eca26a78f360 (origin/master)
 > git rev-parse --is-inside-work-tree # timeout=10
Fetching changes from the remote Git repositories
 > git config remote.origin.url https://github.com/dpduganwood/Battleship.git # timeout=10
Fetching upstream changes from https://github.com/dpduganwood/Battleship.git
 > git --version # timeout=10
 > git fetch --tags --progress https://github.com/dpduganwood/Battleship.git +refs/heads/*:refs/remotes/origin/*
Polling for changes in
Seen branch in repository origin/FrontEndTemplate
Seen branch in repository origin/Jenkins-Setup
Seen branch in repository origin/ServerBranch
Seen branch in repository origin/master
Seen 4 remote branches
 > git show-ref --tags -d # timeout=10
 > git log --full-history --no-abbrev --format=raw -M -m a16d6ea910288ad06070f7839440eca26a78f360..2eeadf9e9ab8d87e96dfa78b659083fe599aa3b2 # timeout=10
Done. Took 0.74 sec
Changes found
