Started by timer
[Wed Sep 12 14:22:15 EDT 2018] Starting organization scan...
[Wed Sep 12 14:22:15 EDT 2018] Updating actions...
Looking up details of dpduganwood...
Organization URL: [8mha:////4BMSZ30JGq/RDkjquIU09jq5Qpp3aNuqtl07akXdZGhBAAAAnh+LCAAAAAAAAP9b85aBtbiIQSajNKU4P08vOT+vOD8nVc+jsiC1KCczL9svvyTVzHb1RttJBUeZGJg8GdhyUvPSSzJ8GJhLi3JKGIR8shLLEvVzEvPS9YNLijLz0q0rihik0IxzhtAgwxgggJGJgaGiAMjgKmGQyygpKSi20tdPzyzJKE0C6srVTylIKU1PzCvPz08BANBR7uSjAAAA[0mDavid Wood
[Wed Sep 12 14:22:18 EDT 2018] Consulting GitHub Organization
[8mha:////4I28Q9c5i6FA2h09LbIU9Ycz8GTKPMAI125yWK9NaOtSAAAAhB+LCAAAAAAAAP9b85aBtbiIwSa/KF0vKzUvOzOvODlTryCnNB3I0kvPLMkoTYpPKkrMS86IL84vLUpO1XPPLPEoTXLOzyvOz0n1yy9JZYAARiYGRi8GzpLM3NTiksTcgooiBqmM0pTi/Dy9ZIhiPayaGCoKgHTqeVaO1wDxVh2njgAAAA==[0mConnecting to https://api.github.com using dpduganwood/******
[8mha:////4FaXhJ/bqfNMk++kP22zK3CIBczDaOOMivN5Aylotn5xAAAAhB+LCAAAAAAAAP9b85aBtbiIwSa/KF0vKzUvOzOvODlTryCnNB3I0kvPLMkoTYpPKkrMS86IL84vLUpO1XPPLPEoTXLOzyvOz0n1yy9JZYAARiYGRi8GzpLM3NTiksTcgooiBqmM0pTi/Dy9ZIhiPayaGCoKgHTqeVYuZwCpHyZNjgAAAA==[0mLooking up repositories of myself dpduganwood
Proposing Amora
Examining [8mha:////4KspAXwRGwHBuQBenzU7bhJj2iHdbSsx5ziIRFz61RGCAAAApB+LCAAAAAAAAP9b85aBtbiIQSajNKU4P08vOT+vOD8nVc+jsiC1KCczL9svvyTVzHb1RttJBUeZGJg8GdhyUvPSSzJ8GJhLi3JKGIR8shLLEvVzEvPS9YNLijLz0q0rihik0IxzhtAgwxgggJGJgaGiAMgQLGFQySgpKSi20tdPzyzJKE0C6srVTylIKU1PzCvPz0/Rd8zNL0oEAKxojQSpAAAA[0mdpduganwood/Amora

  Checking branches...

  Getting remote branches...

    Checking branch [8mha:////4CcgQ/sCba//yhvkP7xGTbxURjgmCnAJ2Mv8cNBSap4nAAAAsR+LCAAAAAAAAP9djLENwjAQRY8gEDUlYoacREFBlCKiASmigQUMtuwQx7bsM4Q1WAMahmAcdiAoHa/5r/nv+YFR8DBXkQdr0pM1wWqRbm5OeF2ZemdJLPPHK7+7dwLJFsZaGEmqhGH0mmBantmFoWZG4p58ZWTWepj95db9/mLQM0gAWtfJhGChiFxYIcqKVDx2rwa541Eyc7WWY9FYz5C8EFhwfmChDl93EfJBtwAAAA==[0mAddTasks
      ‘Jenkinsfile’ not found
    Does not meet criteria

    Checking branch [8mha:////4AsWcu0xTFzQduriwoS8dzBKKQGr7a7MpGAhNOK0HvreAAAAtB+LCAAAAAAAAP9djbENwjAURD9BUFFRIlYgv0sBShHRgBTRwAIGW3aIY1v2N4Q1WAMahmAcdiAoHdfcNe/d8wOj4GGuIg/WpCdrgtUi3dyc8Loy9c6SyPLHK7+7dwLJFsZaGEmqhGH0mmBantmFoWZG4p58ZeSq9TD70637/smgzyABaF03JgSZInJhiSgrUvHYUQ1yx6Nk5motx6KxniF5IbDgvLtYHFiowxcey30wuwAAAA==[0mAdding-Tasks
      ‘Jenkinsfile’ not found
    Does not meet criteria

    Checking branch [8mha:////4OK399Eo4CcSS7o1FEp2bOwoIY76QceTzNixqma/SX7LAAAAuh+LCAAAAAAAAP9djbENwjAURD9BMAB0iBWSXyBRgFIAEgIposkEhli2wbEt+xvCGqwBDUMwDjsQRMc1d81793hDL3gYy1gFa7KDNcFqnm2ujnutzGlniU/z+zO/uVcCyRb6mhtBsoBu9JpgUBzZmaFmRmBJXhkxbzyM/nSrX39l8EsnAWhcO4YEuSRyYYYoFMm4b6kaK1dFwczF2goXtfUMyXOOyyhCulYND2np2jdKJx8xIrAfwgAAAA==[0mBugs-Fixes-Sprint-3
      ‘Jenkinsfile’ not found
    Does not meet criteria

    Checking branch [8mha:////4H+YlqG21IlQH+CLQa61VUiO2eKZjHfFL3yEl1qE0k4jAAAAsB+LCAAAAAAAAP9djLENwjAQRY8gEDUlYoacREEBSoHSgBTRMIHBlhOwz5Z9hrAGa0DDEIzDDgTR8Zr/mv8ebxjEANM6yegoPziKzqh8ffUqmIZOW8dqXtyfxc2/Msg2MDSKNNcV9FMwDOPqKM4CjSCNOw4N6WUbYPKXK3/7jcGPXgbQ+k5GDLOa2ccFom64TvvuZVF6mbSgi3MSV9YFgRyUwtJZq4jjByVgKNy3AAAA[0mComments
      ‘Jenkinsfile’ not found
    Does not meet criteria

    Checking branch [8mha:////4I/b9smZ5VlxSdyq4VOaqppeHfS2tWR6eAvp1EwopQzAAAAAtR+LCAAAAAAAAP9djLENwjAQRY8gKCkoESuQ6xACpUBpQIpoYAGDLTvEsS37DGEN1oCGIRiHHQhKx2v+a/57fmAQPExV5MGa9GRNsFqkm5sTXpem2lkS8+zxyu7unUCyhaEWRpIqoB+9JhgXZ3ZhqJmRuCdfGrlqPEz+cnm3vxh09BKAxrUyIlgoIheWiLIkFY/tq0bueJTMXK3luK6tZ0heCMxt7bQgwWcHFqovNovt370AAAA=[0mCompleted-Task
      ‘Jenkinsfile’ not found
    Does not meet criteria

    Checking branch [8mha:////4DbJ95cWlOBNHRfEiz6muwD+SdivWoGUlgbDI0ZdectVAAAAth+LCAAAAAAAAP9djEEOATEUhp8RlhaW4gqmOxEyC2FBMhGJE5S+tDM6bdO+Mq7hGmwcwnHcwcjsfJv/2/zf8wO94GGsogjWpCdrgtWYbm4OvS7MeWcJp9njld3dO4FkC32NRpLKoRu9JhjmJb9wprmR7EC+MHJRexj95Vbt/mLQ0kkAatfIgGCmiFyYMyYLUvHYvComnIiSm6u1gi0r6zkjj8jWqJFwsve2xBN9AXcSu2e9AAAA[0mDelete-Project
      ‘Jenkinsfile’ not found
    Does not meet criteria

    Checking branch [8mha:////4AR5T6A/KbnBSc+q8JaOuWf5nHB5j8rmHCY3HrCQpVwRAAAAvB+LCAAAAAAAAP9djEEOwUAUhp8KB7CwEFdoZ2dBmhAWJCUSJxjmZdqazkxeX6lruAYbh3Acd1Dpzrf5v83/PT/QKwnGaaVKZ6OTs6UzGK1vHslk9rxzjJP48Yrv/h1AsIG+Qas5TaBbkWEYJLm8SGGk1eLAlFk9qwlGf7llu78YtHQCgNo3MmSYp8y+nAqhM06rY/MqhPKq0tJenVNiUTiSgglRrNAgY7gnl+OJw620UiN9AfPrwPXFAAAA[0mDelete-Project-Manager
      ‘Jenkinsfile’ not found
    Does not meet criteria

    Checking branch [8mha:////4NyTTr70kyzld9Gaaep5TGhnWyrWmRdc9lePsjaY20tQAAAAtB+LCAAAAAAAAP9djLENwjAQRY8g6GgoESsk7kACpUCkACmiYQKDLTvg2Nb5DGEN1oCGIRiHHQhKx2v+a/57fmAQEKY6iuBsdnQ2OCOzzc1LNJU97xzJWf545Xf/TiDZwtBIq0iX0I9oCMbliV84M9wqtiesrFo2CJO/3LrbXww6eglA41sZEcw1kQ8LxlRFOh7aV82EF1Fxe3VOsFXtkDNCKVmBXKXcirRA578/QePIvAAAAA==[0mDrag-and-Drop
      ‘Jenkinsfile’ not found
    Does not meet criteria

    Checking branch [8mha:////4FAdpKqMpcoMpFUJGGVKNPEx1FLkzFcZHuE3ubBzc1FpAAAAuB+LCAAAAAAAAP9djbENwjAURD9BMAB0iBnijgKUAiGhIEUUMIHBX7bBsS37G8IarAENQzAOOxCUjmvumvfu+YFBDDBVSURn86Oz0RnMy5vHYLQ9bx3hrHi8irt/Z5BtYGjQSlIV9FMwBKPqxC+cGW4l21PQVi6aAJM/3arrnwy69DKAxrdjTFAoIh/njElNKh1aqmbCiyS5vTon2LJ2gTMKiGytGxSlSyHusObatn9fN6MtIsIAAAA=[0mFixedHoursRemaining
      ‘Jenkinsfile’ not found
    Does not meet criteria

    Checking branch [8mha:////4KU1RjtNdk4EUcLZE8cGnFYEMz4lYLQI1pqCpapgS468AAAAsx+LCAAAAAAAAP9djEEOATEUhp8RNnaW4gzzVizILEQiJBMWTlDatKXTNu0r4xquwcYhHMcdjMzOt/m/zf89P9CLAcYq8ehsfnQ2OiPy9c2LYLQ9bx2JafF4FXf/ziDbQN8IK0mV0E3BEAzLE7swNMxK3FPQVs7rAKO/3LLdXwxaOhlA7RsZEEwUkY8zRKlJpUPzqpB7niSzV+c4LioXGFIQAle6FnwXtNT2C9CqPXy6AAAA[0mFixedOrigin
      ‘Jenkinsfile’ not found
    Does not meet criteria

    Checking branch [8mha:////4LycAauiCkK5j23M2oR+oBhudqIB0FZGAhjUxTel60B4AAAAsx+LCAAAAAAAAP9djLENwjAQRY8gqKgoESsQdylAKRANSIGGCUxs2SHO2bLPENZgDWgYgnHYgaB0vOa/5r/nB0bBw1xHESympcVgjUy3Nye9qbA+WJJZ/njld/dOINnB2EhUpAsYRm8IpsWZXzgzHBU7kq9QrVoPs7/cpt9fDHoGCUDrOpkQZJrIhSVjqiIdT92rYcKJqDherRVs3VjPGXkp2Z4jV9IvjC3rLwW681W7AAAA[0mManager-lock
      ‘Jenkinsfile’ not found
    Does not meet criteria

    Checking branch [8mha:////4LLgOnE05rwQQR/lRO5rQ0e84pIQypEwcAYQJnyxUsxUAAAAtR+LCAAAAAAAAP9djLENwjAQRY8g6KFErEDcURCliGhAitIwgUlOTsA5W/aZhDVYAxqGYBx2IIiO1/zX/Pd4w8Q7WNah8obi0pA3GuPd1aLTDZ0Lw7hO78/0Zl8RRHuYaiTFdQ7j4DTDPD/JixRakhIHdg2ppHew+Mttf/uNwY9RBNDbQWYMSc1s/UYI1XAdjsOrFZWtgpLUGVOJrDVOCnaIosBulRGZQCW2SOw/0VehSMAAAAA=[0mNew-Announcements
      ‘Jenkinsfile’ not found
    Does not meet criteria

    Checking branch [8mha:////4HwIj+ddFTGb0EMSNB9Eo6t8mTqm8dC5kyLXiWtFZjBvAAAAtx+LCAAAAAAAAP9djLENwjAQRY8gGIASMUPcUQApUBqQIoTEAMgklp3g3Fn2BcIarAENQzAOOxCUjtf81/z3/MAoeJiZpgiEcU4YyKp4c3PK2xLPO2I1Tx6v5O7eEURbGFuFmk0Gw8ZbhklWyYsUVqIWB/Yl6mXrYfqXS/v9xaBnEAG0rpMJw8owu7AQQpdsmlP3qkXhikZLvBIVYl2Tl4K9UmLvqVI5H1OqHaFCDl8sXp5ywQAAAA==[0mProject_Components
      ‘Jenkinsfile’ not found
    Does not meet criteria

    Checking branch [8mha:////4HCj2nKIwXriB7fR7QD+r1BZ87ETBEqfDxgIRbqzoW5FAAAAux+LCAAAAAAAAP9djL0NwjAQRo8gGACJBrFCcEcBihCiASmigAku8ckJGNuyz/yswRrQMATjsANB6XjN95rvPT/QCx7GVZTBmklpTbCaJuubI69rc9xapmn2eGV3904g2UBfk1Fc5dCNXjMM8gOeUWg0SuzZ10bNrx5Gf7lVu78YtHQSgKtrZMiwqJhdmAmhaq5i0bxOQjoZFZqLtVIsT9ajYE8kdiRjSalExgIDpSvUOnwB6WqcVcQAAAA=[0mReduce-database-Calls
      ‘Jenkinsfile’ not found
    Does not meet criteria

    Checking branch [8mha:////4Mq4ixS9aYVku0sFjtcI/CrvmvlJNVlX7AGLohErefIGAAAAsh+LCAAAAAAAAP9b85aBtbiIQSajNKU4P08vOT+vOD8nVc+jsiC1KCczL9svvyTVzHb1RttJBUeZGJg8GdhyUvPSSzJ8GJhLi3JKGIR8shLLEvVzEvPS9YNLijLz0q0rihik0IxzhtAgwxgggJGJgaGiAMjgKmEwySgpKSi20tdPzyzJKE0C6srVTylIKU1PzCvPz0/Rd8zNL0rULylKTdUPSs0vSkkFWQMAD10fLLkAAAA=[0mReordering
      ‘Jenkinsfile’ not found
    Does not meet criteria

    Checking branch [8mha:////4HT9JKp2HzyHr9ZPHMvWaDhRljMRj63jWt77r+LKX+UTAAAAtx+LCAAAAAAAAP9b85aBtbiIQSajNKU4P08vOT+vOD8nVc+jsiC1KCczL9svvyTVzHb1RttJBUeZGJg8GdhyUvPSSzJ8GJhLi3JKGIR8shLLEvVzEvPS9YNLijLz0q0rihik0IxzhtAgwxgggJGJgaGiAMjgK2GwyCgpKSi20tdPzyzJKE0C6srVTylIKU1PzCvPz0/Rd8zNL0rULylKTdUPTi0pAdpRrBuQXxBaAADDPE5qvQAAAA==[0mSettings-PopUp
      ‘Jenkinsfile’ not found
    Does not meet criteria

    Checking branch [8mha:////4K2cv2+HLYHTPtQS6MQMEct51Ws0Gg08N35Fx9SimrbaAAAAsx+LCAAAAAAAAP9djLENwjAQRY8gKCgpESuQaxAFKAWiCVJEAwsYbNkhjm3ZZwhrsAY0DME47EBQOl7zX/Pf8wOD4GGqIg/WpCdrgtUizW9OeF2aamdJLLLHK7u7dwLJFoZaGEmqgH70mmBcnNmFoWZG4p58aeSq8TD5y226/cWgo5cANK6VEcFcEbmwRJQlqXhsXzVyx6Nk5motx3VtPUPyQuCBhWqW2+jDF1ptW/+5AAAA[0mTask-Hours
      ‘Jenkinsfile’ not found
    Does not meet criteria

    Checking branch [8mha:////4AeAMWRuD3vH0eyS0x9v/fxAAeFlGBlt1YzZObtmrPOiAAAAtB+LCAAAAAAAAP9djLENwjAQRY8g6GgoESsQdyCBUiAakCIaJjCxZZs4tnW+hLAGa0DDEIzDDgSl4zX/Nf89PzCKCHNdi+hdWngXvZXp/hYkWuPKoye5zB6v7B7eCSQHGFvpFOkchjVagml+4Q1nljvFToTGqU2LMPvL7fr9xaBnkAC0oZMJwUoThbhmTBnS9bl7VUwEUSvurt4Ltq08ckYoJeNYaNPIBfFYxi/NMs1OvAAAAA==[0marchive-tasks
      ‘Jenkinsfile’ not found
    Does not meet criteria

    Checking branch [8mha:////4EIDbCjSBXagXQFxOUQ4qz8mjCA6u80yqN18mu60v7dsAAAAtR+LCAAAAAAAAP9djLENwjAQRY8gaJEoESsk1yEBSoFoQIpomMBJLNvg2JZ9hrAGa0DDEIzDDgSl4zX/Nf89PzAKHuYy1sGarLImWM2z3c1xr5U5HyzxRf545Xf3TiDZw1hzI0gWMIxeE0yLE7sw1MwIPJJXRqxbD7O/3LbfXwx6BglA6zqZECwlkQsrRKFIxrJ7NVi7OgpmrtbWuGmsZ0iecyxZUFUaA/cpiyS/0S9xmb4AAAA=[0mbasic-user-auth
      ‘Jenkinsfile’ not found
    Does not meet criteria

    Checking branch [8mha:////4Bgl/kKh5sd8qih3BqJbGE6OjF3Bl19qPHzKZxhIvlVqAAAAux+LCAAAAAAAAP9djrENwjAURD9BMAASDWKFxB0FKEKIBqSIhglMbOyAY1vfPxDWYA1oGIJx2AGjdFxz19y7e35gEBCmuhHB2ax0Njgjs83NSzSVPe8cyVn+eOV3/04g2cLQSKtIF9Bv0BCMihO/cGa4VWxPWFm1aBEmf7h15z8YdOolAK2PYUyw1EQ+zBlTFenmEFs1E140iturc4KtaoecEUrJSh7nBcf06DAVkov4UX4BXS4BF8QAAAA=[0mcalendar-for-deadline
      ‘Jenkinsfile’ not found
    Does not meet criteria

    Checking branch [8mha:////4F1eNi/wH+o1YcaHEGx4aRCQfs50FfVoH1LE20yd62avAAAAsx+LCAAAAAAAAP9djLENwjAQRY8gqKgoESsQdylAKRANSBENExhs2QbnbNlnSNZgDWgYgnHYgaB0vOa/5r/nB0YxwFwnER3mJ4fRWZlvWy+DNXjZO5JF+XiVd//OINvB2EpUpCsYpmAJptWZXzmzHBU7UDCoVk2A2V9u0+8vBj2DDKDxnUwICk3k45IxZUinY/eqmfAiKY435wRb1y5wRkFKJkz0lrcL5LX8As3LDRm7AAAA[0mdisplay-name
      ‘Jenkinsfile’ not found
    Does not meet criteria

    Checking branch [8mha:////4BoGkvX7sGr7bIyP+rfwjAm+zibKFGry8uGQUh3bnKZ7AAAAsh+LCAAAAAAAAP9djLENwjAQRY8gqKgoETPEXQpQCpQGpIiGCQy2bIN9tuwzhDVYAxqGYBx2IIiO1/zX/Pd4wyhFmOssksfy4DF5K8v1NchoDZ62nmRV35/1LbwKKDYwthIV6RaGOVqCaXvkZ84sR8V2FA2qZRdh9pdrfvuNwY9BAdCFXiYElSYKacGYMqTzvn85JoLIiuPFe8FWzkfOKErJpDDUeOckUvoAnkUIJ7sAAAA=[0meditComments
      ‘Jenkinsfile’ not found
    Does not meet criteria

    Checking branch [8mha:////4LbII0h58XUNsBfkSqbCu9E/PihbcZRrBU521akFXJZ9AAAAvh+LCAAAAAAAAP9djUEOAUEQRcsIB7AUZ5jeWRCLiURIJiKxsG6m9DStulNdw7iGa7BxCMdxByN2/ub/zXv/8YZOZBiUVRE9pTtP0TtM59eA7Cwdl15wOLk/J7fwSiBZQNchGSlzaFfsBHr5QZ+1cpqMWgtbMuOaof+nm/76K4NfWglAHZoxEJiVIiGOlDJWymrbUCdVhKIymi7eFyo7edZKGFHtbb3RTM1NzPaCvGKMSKLFevoAfOUJZcsAAAA=[0mfixWarningsAfterPresentation
      ‘Jenkinsfile’ not found
    Does not meet criteria

    Checking branch [8mha:////4H9l97wt5s6IS0lhserb8VbyhaXKYmmvLkSCuxO8CW2dAAAAsB+LCAAAAAAAAP9djDEOAUEUhp8VolaKK9iXKBRkC9GQbDROMMzkzTI7M5l5w7qGa9A4hOO4gxWdr/m/5v8eb+jFAGOdZHQ2PzgbnVH5+upVMJU9bR2rWXF/Fjf/yiDbQN8oS6xL6KZgGIblUZwFGmEJdxwqS4smwOgvt/rtNwY/OhlA41sZMEw1s49zRKpYp337qlF6mUjYi3MSl7ULAjkohaQnXpCKH5Dk8SC3AAAA[0mgh-pages
      ‘Jenkinsfile’ not found
    Does not meet criteria

    Checking branch [8mha:////4Af+b+V9m1Ztn8s9eeD1sHzphZxI+X1f94SJe1ciKJJFAAAArR+LCAAAAAAAAP9djLENwjAQRY8gMgAlYoYcFQUoBaIBKaJhAoMtO+DY1vkMYQ3WgIYhGIcdCErHa/5r/nt+YBQJpibJ6F1x9C56q4rNLSiytTvvPKt5+XiV9/DOINtCbpXTbCoYJrIM4+okLgKtcBr3TLXTy5Zg8pdb9/uLQc8gA2hDJznDzDCHuEDUNZt06F4NyiCTFu7qvcRV40kgk1LYiMiKvlrNK3u1AAAA[0mmaster
      ‘Jenkinsfile’ not found
    Does not meet criteria

    Checking branch [8mha:////4FcvkE4CArfM+vHvyKTHl6ezuMJuZ/JiOJHD/69FyToNAAAAtR+LCAAAAAAAAP9djrENwjAURD9BUCNKxArEHQUoBaIBKaJhAhNbdoJjW9/fENZgDWgYgnHYAaN0XHPXvKd7fmAUEOY6iuBsXjkbnJH57uYlmtqeD47ksni8irt/Z5DtYWykVaRLGEY0BNOy4RfODLeKHQlrq9YdwuxPt+37J4M+gwyg82lMCFaayIcVY6omHU+JapnwIipur84JtmkdckYoJUuvkpebhUfXyIq+sgbuR78AAAA=[0mpersonal-project
      ‘Jenkinsfile’ not found
    Does not meet criteria

    Checking branch [8mha:////4O15uhcB2qb5w3S6RkZ5teUkQezNEXilDoO5OPI+3AkaAAAAsh+LCAAAAAAAAP9djLENwjAQRY8gaOgoESuQq6AApUA0IEU0TGBiy05wfJZzhrAGa0DDEIzDDgTR8Zr/mv8ebxg0AaYmyoZcWpBryKp0e/Uq2NKd9sRqkd2f2c2/Ekh2MLTKaTY59GOwDOO8EmeBVjiNBw6l06s2wOQvt/ntNwY/eglA6zsZMcwNs2+WiLpkE4/dq0bpZdTCXYgkrmsKAjkohT5QpQqeWdIfdGjRHLoAAAA=[0mproject-log
      ‘Jenkinsfile’ not found
    Does not meet criteria

    Checking branch [8mha:////4INdhcKDaf2JuBe+aRNBokNGFTlmnrZM98Kc6HpdtMe9AAAAsx+LCAAAAAAAAP9djbENwjAQRY8g6GgoESuQ60ACpUA0IEU0TGCwZQcc2zqfIazBGtAwBOOwA0F0/Ob/5r3/eEMvEoxNktG7/OBd9Fbl62tQZCt32npW0+L+LG7hlUG2gb5VTrMpoZvIMgzLozgLtMJp3DFVTi8agtGfbvXrrwx+6WQATWjHgGFmmEOcI+qKTdq3VI0yyKSFu3gvcVl7EsikFMZaEE+iJ26fPofnPAG8AAAA[0msmart-sorting
      ‘Jenkinsfile’ not found
    Does not meet criteria

    Checking branch [8mha:////4Dv3K94S4Ddbz1rOuFejW5vSqFvTgHx+gYTAb3+uuwBvAAAAsR+LCAAAAAAAAP9djLENwjAQRY8gKCgpETPkGkQBSoFoQIpomMDElu3g2JZ9hrAGa0DDEIzDDgSl4zX/Nf89PzCKAeYq8ehsXjkbnRH57uZFMNqeD47Esni8irt/Z5DtYWyElaRKGKZgCKZlzS4MDbMSjxS0les2wOwvt+33F4OeQQbQ+k4mBAtF5OMKUWpS6dS9GuSeJ8ns1TmOm8YFhhSEwEiMdCRdxS/LwECYuQAAAA==[0mstatistics
      ‘Jenkinsfile’ not found
    Does not meet criteria

    Checking branch [8mha:////4Pkgj1zKq6XI2GIdacEkkcL4GsuvxKtBxJGAX5DAV/h1AAAAtB+LCAAAAAAAAP9dzEEOATEUBuBnhK3EUlzBvJ0EmYXYkExsnKD0pVM6bdO+Mq7hGmwcwnHcwYidf/P/m/97vKEXA4yrJKOz+cHZ6Azl66unYLQ9bR3TtLg/i5t/ZZBtoG/IKq5K6KZgGIblUZwFGmEV7jhoqxZNgNEft/r1F4NfOhlA49sxYJhVzD7OEZXmKu3bV43Sy6SEvTgncVm7IJADEaZIQbfqJHkpmD7NcwjsvgAAAA==[0musericon-update
      ‘Jenkinsfile’ not found
    Does not meet criteria

    Checking branch [8mha:////4IMyY5qKvZesbupmczbvh3naRaBVv2Ux5MLxPAJ8c4RfAAAAsx+LCAAAAAAAAP9djLENwjAQRY8gqKgoESuQ61KAUiAakCIaJjDE2AbHtuxzEtZgDWgYgnHYgaB0vOa/5r/nB0bBw1zGMliTnqwJVvN0e3Pca2Wue0s8yx+v/O7eCSQ7GGtuBMkChtFrgmlxYTVDzYzAA3llxKr1MPvLbfr9xaBnkAC0rpMJQSaJXFgiCkUyHrtXhaUro2CmsbbEdWU9Q/KcY614s3DenpXmXz3CKQm7AAAA[0mview-profile
      ‘Jenkinsfile’ not found
    Does not meet criteria

    Checking branch [8mha:////4Li4ZvnfTQTBat1Cv8ljYEv3uKkuuFkuQWG8gTIhagGoAAAAsx+LCAAAAAAAAP9b85aBtbiIQSajNKU4P08vOT+vOD8nVc+jsiC1KCczL9svvyTVzHb1RttJBUeZGJg8GdhyUvPSSzJ8GJhLi3JKGIR8shLLEvVzEvPS9YNLijLz0q0rihik0IxzhtAgwxgggJGJgaGiAMjgLGEwzigpKSi20tdPzyzJKE0C6srVTylIKU1PzCvPz0/Rd8zNL0rULylKTdUvy0wt9610SawEAA/oR6i4AAAA[0mviewMyDay
      ‘Jenkinsfile’ not found
    Does not meet criteria

    Checking branch [8mha:////4LglGJctpSo4wHVjh3gEXEimmwO10W+WqXxelaznKGPBAAAAtB+LCAAAAAAAAP9djbENwjAQRY8g6GgoESsQdyCBUiAakCIaJjDEskMcn3U+k7AGa0DDEIzDDgTR8Zv/m/f+4w2DQDA1sQjo0hO6gFal26tXZEtX7ZHVPLs/s5t/JZDsYGiV02xy6EeyDOP8LC9SWOm0ODCVTq9agsmfbvPrrwx+6SUAre/GiGFhmH1YCqFLNvHYUbUofBG1dA1iIdY1khRMSokGqeo+ZgYjhQ995FSuvAAAAA==[0mworking-hours
      ‘Jenkinsfile’ not found
    Does not meet criteria

  33 branches were processed

  Checking pull-requests...

  Getting remote pull requests...

  0 pull requests were processed

Finished examining dpduganwood/Amora

Proposing Battleship
[8mha:////4HmhTa+7VT3GnXHLMXuvNGpp5eYpNFpFvTabi5vqvP3WAAAAhB+LCAAAAAAAAP9b85aBtbiIwSa/KF0vKzUvOzOvODlTryCnNB3I0kvPLMkoTYpPKkrMS86IL84vLUpO1XPPLPEoTXLOzyvOz0n1yy9JZYAARiYGRi8GzpLM3NTiksTcgooiBqmM0pTi/Dy9ZIhiPayaGCoKgHTqeVa1tQB4u6UzjgAAAA==[0mConnecting to https://api.github.com using dpduganwood/******
Examining [8mha:////4FETqxhHf/IF2YBAZ0TzD2juS6oxioVTjmVT5poYKxqiAAAAqR+LCAAAAAAAAP9b85aBtbiIQSajNKU4P08vOT+vOD8nVc+jsiC1KCczL9svvyTVzHb1RttJBUeZGJg8GdhyUvPSSzJ8GJhLi3JKGIR8shLLEvVzEvPS9YNLijLz0q0rihik0IxzhtAgwxgggJGJgaGiAMgQK2HQzCgpKSi20tdPzyzJKE0C6srVTylIKU1PzCvPz0/Rd0osKclJLc7ILAAAfuQL5K4AAAA=[0mdpduganwood/Battleship

  Checking branches...

  Getting remote branches...

    Checking branch [8mha:////4CXkPD94X14KjdrYzrk5/MM7kB1iQ0egCVgNW8dnVXyEAAAAuB+LCAAAAAAAAP9djEEOATEUhp8R1mIpzjDdWZCJhBCSiQ0XKH1ph85r075hXMM12DiE47iDETvf5v82//d4QycGGJpKRUfpwVF0FtPV1WOwBZ02jnGU3Z/Zzb8SSNbQtUiaTQ7tKliGfn6UZymsJC22HArSkzrA4C83/+03Bj9aCUDtG+kxTA2zj2MhdMGm2jevUiivKi3p4pwSM8lsMZrCCw6IYhkc8YLUDktvJeMH5WWIH8QAAAA=[0mFrontEndTemplate
      ‘Jenkinsfile’ not found
    Does not meet criteria

    Checking branch [8mha:////4KNbBxVkxQaIa5UHKFtiLq7+9qi72AGSLJDkj0M1Ak6PAAAAtR+LCAAAAAAAAP9djD0SQTEURq9n6DRKYwukU/hpaDBG81YQcieJFzeZ5MbPNmyDxiIsxx48o3Oa7zTfebyhlSL0TVbJ03DvKXmHw+U1YHSWqq1nHM3uz9ktvAooVtB2SJrNBpo5Oobu5iBPUjhJWpQcLenJJULvL7f47TcGPxoFwCXU0mGYGuaQxkJoyybv6tdRqKCylnT2Xom5ZHaYjA2CI6JYI1WW0qBEzuEDlxSKNcEAAAA=[0mJenkins-Setup
      ‘Jenkinsfile’ found
    Met criteria

  2 branches were processed (query completed)

  2 branches were processed

Finished examining dpduganwood/Battleship

Proposing Chess
[8mha:////4I6FAUIyMApi77BxwbE9QGhnXSYXO375cGYcLWhB3944AAAAhB+LCAAAAAAAAP9b85aBtbiIwSa/KF0vKzUvOzOvODlTryCnNB3I0kvPLMkoTYpPKkrMS86IL84vLUpO1XPPLPEoTXLOzyvOz0n1yy9JZYAARiYGRi8GzpLM3NTiksTcgooiBqmM0pTi/Dy9ZIhiPayaGCoKgHTqeVatiwBjyaPGjgAAAA==[0mConnecting to https://api.github.com using dpduganwood/******
Examining [8mha:////4I2Y3adm9EMzh/tzJIqiqgITp4PeQr8iV5pW4rW+G406AAAApB+LCAAAAAAAAP9b85aBtbiIQSajNKU4P08vOT+vOD8nVc+jsiC1KCczL9svvyTVzHb1RttJBUeZGJg8GdhyUvPSSzJ8GJhLi3JKGIR8shLLEvVzEvPS9YNLijLz0q0rihik0IxzhtAgwxgggJGJgaGiAMgQLGFQySgpKSi20tdPzyzJKE0C6srVTylIKU1PzCvPz0/Rd85ILS4GACEOpq6pAAAA[0mdpduganwood/Chess

  Checking branches...

  Getting remote branches...

    Checking branch [8mha:////4DB90h/TjebYRHacncpKXHy1aqvqS8dV29X5EHwgVKA7AAAArR+LCAAAAAAAAP9djLENwjAQRY8gMgAlYoYcFQUoVRqQIhomMPhkBxzbss8Q1mANaBiCcdiBoHS85r/mv+cHJjHAXCcZnS2OzkZnqNjcPAXT2PPOMS3Lx6u8+3cG2RZyQ1axrmGcgmGY1idxEWiEVbjn0Fi17gLM/nLVsL8YDIwygM73kjMsNLOPK0TVsE6H/tWi9DIpYa/OSaw0xYgciLAVkSl8AXoPFfu1AAAA[0mmaster
      ‘Jenkinsfile’ not found
    Does not meet criteria

  1 branches were processed

  Checking pull-requests...

  Getting remote pull requests...

  0 pull requests were processed

Finished examining dpduganwood/Chess

Proposing Dungeon252
[8mha:////4EmMKYyFz/CI4eAwC4MQi09bHj3xSMxS/zX35Gy4m3EnAAAAhB+LCAAAAAAAAP9b85aBtbiIwSa/KF0vKzUvOzOvODlTryCnNB3I0kvPLMkoTYpPKkrMS86IL84vLUpO1XPPLPEoTXLOzyvOz0n1yy9JZYAARiYGRi8GzpLM3NTiksTcgooiBqmM0pTi/Dy9ZIhiPayaGCoKgHTqeVa9TwAVfagAjgAAAA==[0mConnecting to https://api.github.com using dpduganwood/******
Examining [8mha:////4O6aegivgND+A7LA2DTMozMgrV9eQHzeGiDCmdB+fZEZAAAAqR+LCAAAAAAAAP9b85aBtbiIQSajNKU4P08vOT+vOD8nVc+jsiC1KCczL9svvyTVzHb1RttJBUeZGJg8GdhyUvPSSzJ8GJhLi3JKGIR8shLLEvVzEvPS9YNLijLz0q0rihik0IxzhtAgwxgggJGJgaGiAMgQK2HQzCgpKSi20tdPzyzJKE0C6srVTylIKU1PzCvPz0/RdynNS0/NzzMyNQIAXXNPg64AAAA=[0mdpduganwood/Dungeon252

  Checking branches...

  Getting remote branches...

    Checking branch [8mha:////4C/v3GAnAAC/QynzANQTWH6OglHwBqrGTnSYOr8I5qBrAAAAvR+LCAAAAAAAAP9djbENwjAURD9BMAB0iBliKRIUoDRAAVJEwwCRg41jMN+W8w1hDdaAhiEYhx0ISsc1d8179/xAr/IwLoOoLMZ7i5U1Ml7fnPRG42lrSU7Txyu9u3cE0Qb6RqKiMoNu8IZgkB35hTPDUbEdeY1qXnsY/emWbf9k0KYTAdSuGUOCRUnkqhljSlMZioY6M+FEUByv1gq2CqikxWSSMPJSsoNGbnLluWju8iJoI75lsVV7xwAAAA==[0mfinal_grading_build
      ‘Jenkinsfile’ not found
    Does not meet criteria

    Checking branch [8mha:////4DNXZbxGfjpnzqz7WPgnRnyFJami4Yic9mYO2AwJvvUbAAAAsh+LCAAAAAAAAP9djLENwjAQRY8gMgAlYoacFCkUoFRQgBTRMIHBlhNwzpZ9hrAGa0DDEIzDDgTR8Zr/mv8ebxgFD9M6ymApO1gK1qhsfXXKm4ZOW8tqVt6f5c29Ekg2kBpFmusKhtEbhnF1FGeBRpDGHfuG9KLzMPnLLX/7jcGPQQLQuV5ShqJmdmGOqBuu475/tSidjFrQxVqJq0haWcqLHNkrha0IrPwHuIi2M7oAAAA=[0mmaster
      ‘Jenkinsfile’ not found
    Does not meet criteria

  2 branches were processed

  Checking pull-requests...

  Getting remote pull requests...

  0 pull requests were processed

Finished examining dpduganwood/Dungeon252

Proposing IRC-Server-and-Client
[8mha:////4ENFH6/8blh7AtRyFFUbHaUcZF719SOtKflb3/Uf3uvtAAAAhB+LCAAAAAAAAP9b85aBtbiIwSa/KF0vKzUvOzOvODlTryCnNB3I0kvPLMkoTYpPKkrMS86IL84vLUpO1XPPLPEoTXLOzyvOz0n1yy9JZYAARiYGRi8GzpLM3NTiksTcgooiBqmM0pTi/Dy9ZIhiPayaGCoKgHTqeVbTNADS4fxejgAAAA==[0mConnecting to https://api.github.com using dpduganwood/******
Examining [8mha:////4N9XkJIfwVV5Xvgao3HywPcy+hjKieMCmWw4MCWl4ZprAAAAsx+LCAAAAAAAAP9djLENwjAQRY8gGIAS0TBA4gZRgFKlIVJEQSYw2LIN5mzZlxDWYA1oGIJx2IEgOl7zX/Pf4w2jGGCmGxEdZgeH0VmZba5eBmvwtHUkl/n9md/8K4GkhLGVqEhXMGyCJZhUR95yZjkqVlMwqNZdgOlfrvjtNwY/BglA53uZEyw0kY8rxpQh3ez715kJLxrF8eKcYOWuSGsZWhlSjiItrJFIH05h2V25AAAA[0mdpduganwood/IRC-Server-and-Client

  Checking branches...

  Getting remote branches...

    Checking branch [8mha:////4NOVq/hGcWOmHzAm7weUgq1JEXRvcoRiaSxE5/s5xF71AAAAuh+LCAAAAAAAAP9djL0NwjAQRo8gMgAlYoXgjgIUCSkNkRAFmcDgkxNwztb5ws8arAENQzAOOwCi4zXfa753f8EgMozrzkRPk52n6B1OlpeA7Bo6rL3gNL898mt4JpCUkDokK/UK+h07geFqr49aOU1WVcIN2fmZYfSXK377jcGPXgJwDh9JBRa1SIgzpWwjdbf9vFplgumsppP3RpWbIquQj8iZJpMVrkESJYyoWh0F+Q1PRA2AxQAAAA==[0mmaster
      ‘Jenkinsfile’ not found
    Does not meet criteria

  1 branches were processed

  Checking pull-requests...

  Getting remote pull requests...

  0 pull requests were processed

Finished examining dpduganwood/IRC-Server-and-Client

[8mha:////4HLyHNUbfZH74qMwWC31oqY5mNZ4ujiO4G52dIazgnHWAAAAhB+LCAAAAAAAAP9b85aBtbiIwSa/KF0vKzUvOzOvODlTryCnNB3I0kvPLMkoTYpPKkrMS86IL84vLUpO1XPPLPEoTXLOzyvOz0n1yy9JZYAARiYGRi8GzpLM3NTiksTcgooiBqmM0pTi/Dy9ZIhiPayaGCoKgHTqeVbz7wCCIMLrjgAAAA==[0m5 repositories were processed
[Wed Sep 12 14:22:30 EDT 2018] Finished organization scan. Scan took 14 sec
Finished: SUCCESS
