Started on Sep 12, 2018 10:53:05 AM
Started by event from 192.30.252.34 ⇒ http://myjenkins.serveo.net:8079/github-webhook/ on Wed Sep 12 10:53:04 EDT 2018
Polling SCM changes on master
Using strategy: Default
[poll] Last Built Revision: Revision 2eeadf9e9ab8d87e96dfa78b659083fe599aa3b2 (origin/master)
 > git rev-parse --is-inside-work-tree # timeout=10
Fetching changes from the remote Git repositories
 > git config remote.origin.url https://github.com/dpduganwood/Battleship.git # timeout=10
Fetching upstream changes from https://github.com/dpduganwood/Battleship.git
 > git --version # timeout=10
 > git fetch --tags --progress https://github.com/dpduganwood/Battleship.git +refs/heads/*:refs/remotes/origin/*
Polling for changes in
Seen branch in repository origin/FrontEndTemplate
Seen branch in repository origin/Jenkins-Setup
Seen branch in repository origin/ServerBranch
Seen branch in repository origin/master
Seen 4 remote branches
 > git show-ref --tags -d # timeout=10
 > git log --full-history --no-abbrev --format=raw -M -m 2eeadf9e9ab8d87e96dfa78b659083fe599aa3b2..e59319fdf614c27d699d4114155c29ea93719c59 # timeout=10
Done. Took 2.1 sec
Changes found
